/usr/lib/python3/dist-packages/softwareproperties/gtk/SoftwarePropertiesGtk.py:40: PyGIWarning: Gdk was imported without specifying a version first. Use gi.require_version('Gdk', '3.0') before import to ensure that the right version gets loaded.
  from gi.repository import GObject, Gdk, Gtk, Gio, GLib
/usr/lib/python3/dist-packages/softwareproperties/gtk/SoftwarePropertiesGtk.py:40: PyGIWarning: Gtk was imported without specifying a version first. Use gi.require_version('Gtk', '3.0') before import to ensure that the right version gets loaded.
  from gi.repository import GObject, Gdk, Gtk, Gio, GLib
(software-properties-gtk:10800): Gtk-DEBUG: Connecting to session manager
/usr/lib/python3/dist-packages/softwareproperties/gtk/SoftwarePropertiesGtk.py:40: PyGIWarning: Gdk was imported without specifying a version first. Use gi.require_version('Gdk', '3.0') before import to ensure that the right version gets loaded.
  from gi.repository import GObject, Gdk, Gtk, Gio, GLib
/usr/lib/python3/dist-packages/softwareproperties/gtk/SoftwarePropertiesGtk.py:40: PyGIWarning: Gtk was imported without specifying a version first. Use gi.require_version('Gtk', '3.0') before import to ensure that the right version gets loaded.
  from gi.repository import GObject, Gdk, Gtk, Gio, GLib
/usr/lib/python3/dist-packages/softwareproperties/gtk/SoftwarePropertiesGtk.py:40: PyGIWarning: Gdk was imported without specifying a version first. Use gi.require_version('Gdk', '3.0') before import to ensure that the right version gets loaded.
  from gi.repository import GObject, Gdk, Gtk, Gio, GLib
/usr/lib/python3/dist-packages/softwareproperties/gtk/SoftwarePropertiesGtk.py:40: PyGIWarning: Gtk was imported without specifying a version first. Use gi.require_version('Gtk', '3.0') before import to ensure that the right version gets loaded.
  from gi.repository import GObject, Gdk, Gtk, Gio, GLib
/usr/lib/python3/dist-packages/softwareproperties/gtk/SoftwarePropertiesGtk.py:40: PyGIWarning: Gdk was imported without specifying a version first. Use gi.require_version('Gdk', '3.0') before import to ensure that the right version gets loaded.
  from gi.repository import GObject, Gdk, Gtk, Gio, GLib
/usr/lib/python3/dist-packages/softwareproperties/gtk/SoftwarePropertiesGtk.py:40: PyGIWarning: Gtk was imported without specifying a version first. Use gi.require_version('Gtk', '3.0') before import to ensure that the right version gets loaded.
  from gi.repository import GObject, Gdk, Gtk, Gio, GLib
/usr/lib/python3/dist-packages/softwareproperties/gtk/SoftwarePropertiesGtk.py:40: PyGIWarning: Gdk was imported without specifying a version first. Use gi.require_version('Gdk', '3.0') before import to ensure that the right version gets loaded.
  from gi.repository import GObject, Gdk, Gtk, Gio, GLib
/usr/lib/python3/dist-packages/softwareproperties/gtk/SoftwarePropertiesGtk.py:40: PyGIWarning: Gtk was imported without specifying a version first. Use gi.require_version('Gtk', '3.0') before import to ensure that the right version gets loaded.
  from gi.repository import GObject, Gdk, Gtk, Gio, GLib

(unity-control-center:10789): sound-cc-panel-WARNING **: Unable to find stream for bar '(null)'

(unity-control-center:10789): sound-cc-panel-WARNING **: active_output_update - couldn't find a stream from the supposed active output

(unity-control-center:10789): sound-cc-panel-WARNING **: active_input_update - couldn't find a stream from the supposed active input
